This is pdfTeX, Version 3.1415926-2.4-1.40.13 (TeX Live 2012) (format=pdflatex 2013.4.18)  18 APR 2013 14:12
entering extended mode
 \write18 enabled.
 %&-line parsing enabled.
**pm_guide.tex
(./pm_guide.tex
LaTeX2e <2011/06/27>
Babel <v3.8m> and hyphenation patterns for english, dumylang, nohyphenation, ge
rman-x-2012-05-30, ngerman-x-2012-05-30, afrikaans, ancientgreek, ibycus, arabi
c, armenian, basque, bulgarian, catalan, pinyin, coptic, croatian, czech, danis
h, dutch, ukenglish, usenglishmax, esperanto, estonian, ethiopic, farsi, finnis
h, french, friulan, galician, german, ngerman, swissgerman, monogreek, greek, h
ungarian, icelandic, assamese, bengali, gujarati, hindi, kannada, malayalam, ma
rathi, oriya, panjabi, tamil, telugu, indonesian, interlingua, irish, italian, 
kurmanji, latin, latvian, lithuanian, mongolian, mongolianlmc, bokmal, nynorsk,
 piedmontese, polish, portuguese, romanian, romansh, russian, sanskrit, serbian
, serbianc, slovak, slovenian, spanish, swedish, turkish, turkmen, ukrainian, u
ppersorbian, welsh, loaded.
(/usr/local/texlive/2012/texmf-dist/tex/latex/base/book.cls
Document Class: book 2007/10/19 v1.4h Standard LaTeX document class
(/usr/local/texlive/2012/texmf-dist/tex/latex/base/bk10.clo
File: bk10.clo 2007/10/19 v1.4h Standard LaTeX file (size option)
)
\c@part=\count79
\c@chapter=\count80
\c@section=\count81
\c@subsection=\count82
\c@subsubsection=\count83
\c@paragraph=\count84
\c@subparagraph=\count85
\c@figure=\count86
\c@table=\count87
\abovecaptionskip=\skip41
\belowcaptionskip=\skip42
\bibindent=\dimen102
)
(/usr/local/texlive/2012/texmf-dist/tex/latex/geometry/geometry.sty
Package: geometry 2010/09/12 v5.6 Page Geometry

(/usr/local/texlive/2012/texmf-dist/tex/latex/graphics/keyval.sty
Package: keyval 1999/03/16 v1.13 key=value parser (DPC)
\KV@toks@=\toks14
)
(/usr/local/texlive/2012/texmf-dist/tex/generic/oberdiek/ifpdf.sty
Package: ifpdf 2011/01/30 v2.3 Provides the ifpdf switch (HO)
Package ifpdf Info: pdfTeX in PDF mode is detected.
)
(/usr/local/texlive/2012/texmf-dist/tex/generic/oberdiek/ifvtex.sty
Package: ifvtex 2010/03/01 v1.5 Detect VTeX and its facilities (HO)
Package ifvtex Info: VTeX not detected.
)
(/usr/local/texlive/2012/texmf-dist/tex/generic/ifxetex/ifxetex.sty
Package: ifxetex 2010/09/12 v0.6 Provides ifxetex conditional
)
\Gm@cnth=\count88
\Gm@cntv=\count89
\c@Gm@tempcnt=\count90
\Gm@bindingoffset=\dimen103
\Gm@wd@mp=\dimen104
\Gm@odd@mp=\dimen105
\Gm@even@mp=\dimen106
\Gm@layoutwidth=\dimen107
\Gm@layoutheight=\dimen108
\Gm@layouthoffset=\dimen109
\Gm@layoutvoffset=\dimen110
\Gm@dimlist=\toks15
)
(/usr/local/texlive/2012/texmf-dist/tex/latex/ucs/ucs.sty
Package: ucs 2004/10/17 UCS: Unicode input support

(/usr/local/texlive/2012/texmf-dist/tex/latex/ucs/data/uni-global.def
File: uni-global.def 2012/08/28 UCS: Unicode global data
)
\uc@secondtry=\count91
\uc@combtoks=\toks16
\uc@combtoksb=\toks17
\uc@temptokena=\toks18
)
(/usr/local/texlive/2012/texmf-dist/tex/latex/base/inputenc.sty
Package: inputenc 2008/03/30 v1.1d Input encoding file
\inpenc@prehook=\toks19
\inpenc@posthook=\toks20

(/usr/local/texlive/2012/texmf-dist/tex/latex/base/utf8.def
File: utf8.def 2008/04/05 v1.1m UTF-8 support for inputenc
Now handling font encoding OML ...
... no UTF-8 mapping file for font encoding OML
Now handling font encoding T1 ...
... processing UTF-8 mapping file for font encoding T1

(/usr/local/texlive/2012/texmf-dist/tex/latex/base/t1enc.dfu
File: t1enc.dfu 2008/04/05 v1.1m UTF-8 support for inputenc
   defining Unicode char U+00A1 (decimal 161)
   defining Unicode char U+00A3 (decimal 163)
   defining Unicode char U+00AB (decimal 171)
   defining Unicode char U+00BB (decimal 187)
   defining Unicode char U+00BF (decimal 191)
   defining Unicode char U+00C0 (decimal 192)
   defining Unicode char U+00C1 (decimal 193)
   defining Unicode char U+00C2 (decimal 194)
   defining Unicode char U+00C3 (decimal 195)
   defining Unicode char U+00C4 (decimal 196)
   defining Unicode char U+00C5 (decimal 197)
   defining Unicode char U+00C6 (decimal 198)
   defining Unicode char U+00C7 (decimal 199)
   defining Unicode char U+00C8 (decimal 200)
   defining Unicode char U+00C9 (decimal 201)
   defining Unicode char U+00CA (decimal 202)
   defining Unicode char U+00CB (decimal 203)
   defining Unicode char U+00CC (decimal 204)
   defining Unicode char U+00CD (decimal 205)
   defining Unicode char U+00CE (decimal 206)
   defining Unicode char U+00CF (decimal 207)
   defining Unicode char U+00D0 (decimal 208)
   defining Unicode char U+00D1 (decimal 209)
   defining Unicode char U+00D2 (decimal 210)
   defining Unicode char U+00D3 (decimal 211)
   defining Unicode char U+00D4 (decimal 212)
   defining Unicode char U+00D5 (decimal 213)
   defining Unicode char U+00D6 (decimal 214)
   defining Unicode char U+00D8 (decimal 216)
   defining Unicode char U+00D9 (decimal 217)
   defining Unicode char U+00DA (decimal 218)
   defining Unicode char U+00DB (decimal 219)
   defining Unicode char U+00DC (decimal 220)
   defining Unicode char U+00DD (decimal 221)
   defining Unicode char U+00DE (decimal 222)
   defining Unicode char U+00DF (decimal 223)
   defining Unicode char U+00E0 (decimal 224)
   defining Unicode char U+00E1 (decimal 225)
   defining Unicode char U+00E2 (decimal 226)
   defining Unicode char U+00E3 (decimal 227)
   defining Unicode char U+00E4 (decimal 228)
   defining Unicode char U+00E5 (decimal 229)
   defining Unicode char U+00E6 (decimal 230)
   defining Unicode char U+00E7 (decimal 231)
   defining Unicode char U+00E8 (decimal 232)
   defining Unicode char U+00E9 (decimal 233)
   defining Unicode char U+00EA (decimal 234)
   defining Unicode char U+00EB (decimal 235)
   defining Unicode char U+00EC (decimal 236)
   defining Unicode char U+00ED (decimal 237)
   defining Unicode char U+00EE (decimal 238)
   defining Unicode char U+00EF (decimal 239)
   defining Unicode char U+00F0 (decimal 240)
   defining Unicode char U+00F1 (decimal 241)
   defining Unicode char U+00F2 (decimal 242)
   defining Unicode char U+00F3 (decimal 243)
   defining Unicode char U+00F4 (decimal 244)
   defining Unicode char U+00F5 (decimal 245)
   defining Unicode char U+00F6 (decimal 246)
   defining Unicode char U+00F8 (decimal 248)
   defining Unicode char U+00F9 (decimal 249)
   defining Unicode char U+00FA (decimal 250)
   defining Unicode char U+00FB (decimal 251)
   defining Unicode char U+00FC (decimal 252)
   defining Unicode char U+00FD (decimal 253)
   defining Unicode char U+00FE (decimal 254)
   defining Unicode char U+00FF (decimal 255)
   defining Unicode char U+0102 (decimal 258)
   defining Unicode char U+0103 (decimal 259)
   defining Unicode char U+0104 (decimal 260)
   defining Unicode char U+0105 (decimal 261)
   defining Unicode char U+0106 (decimal 262)
   defining Unicode char U+0107 (decimal 263)
   defining Unicode char U+010C (decimal 268)
   defining Unicode char U+010D (decimal 269)
   defining Unicode char U+010E (decimal 270)
   defining Unicode char U+010F (decimal 271)
   defining Unicode char U+0110 (decimal 272)
   defining Unicode char U+0111 (decimal 273)
   defining Unicode char U+0118 (decimal 280)
   defining Unicode char U+0119 (decimal 281)
   defining Unicode char U+011A (decimal 282)
   defining Unicode char U+011B (decimal 283)
   defining Unicode char U+011E (decimal 286)
   defining Unicode char U+011F (decimal 287)
   defining Unicode char U+0130 (decimal 304)
   defining Unicode char U+0131 (decimal 305)
   defining Unicode char U+0132 (decimal 306)
   defining Unicode char U+0133 (decimal 307)
   defining Unicode char U+0139 (decimal 313)
   defining Unicode char U+013A (decimal 314)
   defining Unicode char U+013D (decimal 317)
   defining Unicode char U+013E (decimal 318)
   defining Unicode char U+0141 (decimal 321)
   defining Unicode char U+0142 (decimal 322)
   defining Unicode char U+0143 (decimal 323)
   defining Unicode char U+0144 (decimal 324)
   defining Unicode char U+0147 (decimal 327)
   defining Unicode char U+0148 (decimal 328)
   defining Unicode char U+014A (decimal 330)
   defining Unicode char U+014B (decimal 331)
   defining Unicode char U+0150 (decimal 336)
   defining Unicode char U+0151 (decimal 337)
   defining Unicode char U+0152 (decimal 338)
   defining Unicode char U+0153 (decimal 339)
   defining Unicode char U+0154 (decimal 340)
   defining Unicode char U+0155 (decimal 341)
   defining Unicode char U+0158 (decimal 344)
   defining Unicode char U+0159 (decimal 345)
   defining Unicode char U+015A (decimal 346)
   defining Unicode char U+015B (decimal 347)
   defining Unicode char U+015E (decimal 350)
   defining Unicode char U+015F (decimal 351)
   defining Unicode char U+0160 (decimal 352)
   defining Unicode char U+0161 (decimal 353)
   defining Unicode char U+0162 (decimal 354)
   defining Unicode char U+0163 (decimal 355)
   defining Unicode char U+0164 (decimal 356)
   defining Unicode char U+0165 (decimal 357)
   defining Unicode char U+016E (decimal 366)
   defining Unicode char U+016F (decimal 367)
   defining Unicode char U+0170 (decimal 368)
   defining Unicode char U+0171 (decimal 369)
   defining Unicode char U+0178 (decimal 376)
   defining Unicode char U+0179 (decimal 377)
   defining Unicode char U+017A (decimal 378)
   defining Unicode char U+017B (decimal 379)
   defining Unicode char U+017C (decimal 380)
   defining Unicode char U+017D (decimal 381)
   defining Unicode char U+017E (decimal 382)
   defining Unicode char U+200C (decimal 8204)
   defining Unicode char U+2013 (decimal 8211)
   defining Unicode char U+2014 (decimal 8212)
   defining Unicode char U+2018 (decimal 8216)
   defining Unicode char U+2019 (decimal 8217)
   defining Unicode char U+201A (decimal 8218)
   defining Unicode char U+201C (decimal 8220)
   defining Unicode char U+201D (decimal 8221)
   defining Unicode char U+201E (decimal 8222)
   defining Unicode char U+2030 (decimal 8240)
   defining Unicode char U+2031 (decimal 8241)
   defining Unicode char U+2039 (decimal 8249)
   defining Unicode char U+203A (decimal 8250)
   defining Unicode char U+2423 (decimal 9251)
)
Now handling font encoding OT1 ...
... processing UTF-8 mapping file for font encoding OT1

(/usr/local/texlive/2012/texmf-dist/tex/latex/base/ot1enc.dfu
File: ot1enc.dfu 2008/04/05 v1.1m UTF-8 support for inputenc
   defining Unicode char U+00A1 (decimal 161)
   defining Unicode char U+00A3 (decimal 163)
   defining Unicode char U+00B8 (decimal 184)
   defining Unicode char U+00BF (decimal 191)
   defining Unicode char U+00C5 (decimal 197)
   defining Unicode char U+00C6 (decimal 198)
   defining Unicode char U+00D8 (decimal 216)
   defining Unicode char U+00DF (decimal 223)
   defining Unicode char U+00E6 (decimal 230)
   defining Unicode char U+00EC (decimal 236)
   defining Unicode char U+00ED (decimal 237)
   defining Unicode char U+00EE (decimal 238)
   defining Unicode char U+00EF (decimal 239)
   defining Unicode char U+00F8 (decimal 248)
   defining Unicode char U+0131 (decimal 305)
   defining Unicode char U+0141 (decimal 321)
   defining Unicode char U+0142 (decimal 322)
   defining Unicode char U+0152 (decimal 338)
   defining Unicode char U+0153 (decimal 339)
   defining Unicode char U+2013 (decimal 8211)
   defining Unicode char U+2014 (decimal 8212)
   defining Unicode char U+2018 (decimal 8216)
   defining Unicode char U+2019 (decimal 8217)
   defining Unicode char U+201C (decimal 8220)
   defining Unicode char U+201D (decimal 8221)
)
Now handling font encoding OMS ...
... processing UTF-8 mapping file for font encoding OMS

(/usr/local/texlive/2012/texmf-dist/tex/latex/base/omsenc.dfu
File: omsenc.dfu 2008/04/05 v1.1m UTF-8 support for inputenc
   defining Unicode char U+00A7 (decimal 167)
   defining Unicode char U+00B6 (decimal 182)
   defining Unicode char U+00B7 (decimal 183)
   defining Unicode char U+2020 (decimal 8224)
   defining Unicode char U+2021 (decimal 8225)
   defining Unicode char U+2022 (decimal 8226)
)
Now handling font encoding OMX ...
... no UTF-8 mapping file for font encoding OMX
Now handling font encoding U ...
... no UTF-8 mapping file for font encoding U
   defining Unicode char U+00A9 (decimal 169)
   defining Unicode char U+00AA (decimal 170)
   defining Unicode char U+00AE (decimal 174)
   defining Unicode char U+00BA (decimal 186)
   defining Unicode char U+02C6 (decimal 710)
   defining Unicode char U+02DC (decimal 732)
   defining Unicode char U+200C (decimal 8204)
   defining Unicode char U+2026 (decimal 8230)
   defining Unicode char U+2122 (decimal 8482)
   defining Unicode char U+2423 (decimal 9251)
))
(/usr/local/texlive/2012/texmf-dist/tex/latex/amsmath/amsmath.sty
Package: amsmath 2013/01/14 v2.14 AMS math features
\@mathmargin=\skip43

For additional information on amsmath, use the `?' option.
(/usr/local/texlive/2012/texmf-dist/tex/latex/amsmath/amstext.sty
Package: amstext 2000/06/29 v2.01

(/usr/local/texlive/2012/texmf-dist/tex/latex/amsmath/amsgen.sty
File: amsgen.sty 1999/11/30 v2.0
\@emptytoks=\toks21
\ex@=\dimen111
))
(/usr/local/texlive/2012/texmf-dist/tex/latex/amsmath/amsbsy.sty
Package: amsbsy 1999/11/29 v1.2d
\pmbraise@=\dimen112
)
(/usr/local/texlive/2012/texmf-dist/tex/latex/amsmath/amsopn.sty
Package: amsopn 1999/12/14 v2.01 operator names
)
\inf@bad=\count92
LaTeX Info: Redefining \frac on input line 210.
\uproot@=\count93
\leftroot@=\count94
LaTeX Info: Redefining \overline on input line 306.
\classnum@=\count95
\DOTSCASE@=\count96
LaTeX Info: Redefining \ldots on input line 378.
LaTeX Info: Redefining \dots on input line 381.
LaTeX Info: Redefining \cdots on input line 466.
\Mathstrutbox@=\box26
\strutbox@=\box27
\big@size=\dimen113
LaTeX Font Info:    Redeclaring font encoding OML on input line 566.
LaTeX Font Info:    Redeclaring font encoding OMS on input line 567.
\macc@depth=\count97
\c@MaxMatrixCols=\count98
\dotsspace@=\muskip10
\c@parentequation=\count99
\dspbrk@lvl=\count100
\tag@help=\toks22
\row@=\count101
\column@=\count102
\maxfields@=\count103
\andhelp@=\toks23
\eqnshift@=\dimen114
\alignsep@=\dimen115
\tagshift@=\dimen116
\tagwidth@=\dimen117
\totwidth@=\dimen118
\lineht@=\dimen119
\@envbody=\toks24
\multlinegap=\skip44
\multlinetaggap=\skip45
\mathdisplay@stack=\toks25
LaTeX Info: Redefining \[ on input line 2665.
LaTeX Info: Redefining \] on input line 2666.
)
(/usr/local/texlive/2012/texmf-dist/tex/latex/amsfonts/amsfonts.sty
Package: amsfonts 2013/01/14 v3.01 Basic AMSFonts support
\symAMSa=\mathgroup4
\symAMSb=\mathgroup5
LaTeX Font Info:    Overwriting math alphabet `\mathfrak' in version `bold'
(Font)                  U/euf/m/n --> U/euf/b/n on input line 106.
)
(/usr/local/texlive/2012/texmf-dist/tex/latex/amsfonts/amssymb.sty
Package: amssymb 2013/01/14 v3.01 AMS font symbols
)
(/usr/local/texlive/2012/texmf-dist/tex/generic/babel/babel.sty
Package: babel 2008/07/08 v3.8m The Babel package

(/usr/local/texlive/2012/texmf-dist/tex/generic/babel/english.ldf
Language: english 2005/03/30 v3.3o English support from the babel system

(/usr/local/texlive/2012/texmf-dist/tex/generic/babel/babel.def
File: babel.def 2008/07/08 v3.8m Babel common definitions
\babel@savecnt=\count104
\U@D=\dimen120
)
\l@canadian = a dialect from \language\l@american 
\l@australian = a dialect from \language\l@british 
\l@newzealand = a dialect from \language\l@british 
))
(/usr/local/texlive/2012/texmf-dist/tex/latex/base/fontenc.sty
Package: fontenc 2005/09/27 v1.99g Standard LaTeX package
)
(/usr/local/texlive/2012/texmf-dist/tex/latex/graphics/graphicx.sty
Package: graphicx 1999/02/16 v1.0f Enhanced LaTeX Graphics (DPC,SPQR)

(/usr/local/texlive/2012/texmf-dist/tex/latex/graphics/graphics.sty
Package: graphics 2009/02/05 v1.0o Standard LaTeX Graphics (DPC,SPQR)

(/usr/local/texlive/2012/texmf-dist/tex/latex/graphics/trig.sty
Package: trig 1999/03/16 v1.09 sin cos tan (DPC)
)
(/usr/local/texlive/2012/texmf-dist/tex/latex/latexconfig/graphics.cfg
File: graphics.cfg 2010/04/23 v1.9 graphics configuration of TeX Live
)
Package graphics Info: Driver file: pdftex.def on input line 91.

(/usr/local/texlive/2012/texmf-dist/tex/latex/pdftex-def/pdftex.def
File: pdftex.def 2011/05/27 v0.06d Graphics/color for pdfTeX

(/usr/local/texlive/2012/texmf-dist/tex/generic/oberdiek/infwarerr.sty
Package: infwarerr 2010/04/08 v1.3 Providing info/warning/error messages (HO)
)
(/usr/local/texlive/2012/texmf-dist/tex/generic/oberdiek/ltxcmds.sty
Package: ltxcmds 2011/11/09 v1.22 LaTeX kernel commands for general use (HO)
)
\Gread@gobject=\count105
))
\Gin@req@height=\dimen121
\Gin@req@width=\dimen122
)
(/usr/local/texlive/2012/texmf-dist/tex/latex/minted/minted.sty
Package: minted 2011/09/17 v1.7 Yet another Pygments shim for LaTeX

(/usr/local/texlive/2012/texmf-dist/tex/latex/fancyvrb/fancyvrb.sty
Package: fancyvrb 2008/02/07

Style option: `fancyvrb' v2.7a, with DG/SPQR fixes, and firstline=lastline fix 
<2008/02/07> (tvz)
\FV@CodeLineNo=\count106
\FV@InFile=\read1
\FV@TabBox=\box28
\c@FancyVerbLine=\count107
\FV@StepNumber=\count108
\FV@OutFile=\write3
)
(/usr/local/texlive/2012/texmf-dist/tex/latex/xcolor/xcolor.sty
Package: xcolor 2007/01/21 v2.11 LaTeX color extensions (UK)

(/usr/local/texlive/2012/texmf-dist/tex/latex/latexconfig/color.cfg
File: color.cfg 2007/01/18 v1.5 color configuration of teTeX/TeXLive
)
Package xcolor Info: Driver file: pdftex.def on input line 225.
Package xcolor Info: Model `cmy' substituted by `cmy0' on input line 1337.
Package xcolor Info: Model `hsb' substituted by `rgb' on input line 1341.
Package xcolor Info: Model `RGB' extended on input line 1353.
Package xcolor Info: Model `HTML' substituted by `rgb' on input line 1355.
Package xcolor Info: Model `Hsb' substituted by `hsb' on input line 1356.
Package xcolor Info: Model `tHsb' substituted by `hsb' on input line 1357.
Package xcolor Info: Model `HSB' substituted by `hsb' on input line 1358.
Package xcolor Info: Model `Gray' substituted by `gray' on input line 1359.
Package xcolor Info: Model `wave' substituted by `hsb' on input line 1360.
)
(/usr/local/texlive/2012/texmf-dist/tex/latex/float/float.sty
Package: float 2001/11/08 v1.3d Float enhancements (AL)
\c@float@type=\count109
\float@exts=\toks26
\float@box=\box29
\@float@everytoks=\toks27
\@floatcapt=\box30
)
(/usr/local/texlive/2012/texmf-dist/tex/latex/base/ifthen.sty
Package: ifthen 2001/05/26 v1.1c Standard LaTeX ifthen package (DPC)
)
(/usr/local/texlive/2012/texmf-dist/tex/latex/tools/calc.sty
Package: calc 2007/08/22 v4.3 Infix arithmetic (KKT,FJ)
\calc@Acount=\count110
\calc@Bcount=\count111
\calc@Adimen=\dimen123
\calc@Bdimen=\dimen124
\calc@Askip=\skip46
\calc@Bskip=\skip47
LaTeX Info: Redefining \setlength on input line 76.
LaTeX Info: Redefining \addtolength on input line 77.
\calc@Ccount=\count112
\calc@Cskip=\skip48
)
(/usr/local/texlive/2012/texmf-dist/tex/latex/ifplatform/ifplatform.sty
Package: ifplatform 2010/10/22 v0.4 Testing for the operating system

(/usr/local/texlive/2012/texmf-dist/tex/generic/oberdiek/pdftexcmds.sty
Package: pdftexcmds 2011/11/29 v0.20 Utility functions of pdfTeX for LuaTeX (HO
)

(/usr/local/texlive/2012/texmf-dist/tex/generic/oberdiek/ifluatex.sty
Package: ifluatex 2010/03/01 v1.3 Provides the ifluatex switch (HO)
Package ifluatex Info: LuaTeX not detected.
)
Package pdftexcmds Info: LuaTeX not detected.
Package pdftexcmds Info: \pdf@primitive is available.
Package pdftexcmds Info: \pdf@ifprimitive is available.
Package pdftexcmds Info: \pdfdraftmode found.
)
(/usr/local/texlive/2012/texmf-dist/tex/generic/oberdiek/catchfile.sty
Package: catchfile 2011/03/01 v1.6 Catch the contents of a file (HO)

(/usr/local/texlive/2012/texmf-dist/tex/generic/oberdiek/etexcmds.sty
Package: etexcmds 2011/02/16 v1.5 Avoid name clashes with e-TeX commands (HO)
Package etexcmds Info: Could not find \expanded.
(etexcmds)             That can mean that you are not using pdfTeX 1.50 or
(etexcmds)             that some package has redefined \expanded.
(etexcmds)             In the latter case, load this package earlier.
))
runsystem(uname -s > "pm_guide.w18")...executed.


(./pm_guide.w18)
runsystem(rm -- "pm_guide.w18")...executed.

)
\minted@bgbox=\box31
\minted@code=\write4
\@float@every@listing=\toks28
\c@listing=\count113
)
runsystem(which pygmentize && touch pm_guide.aex)...executed.

runsystem(rm pm_guide.aex)...executed.


(/usr/local/texlive/2012/texmf-dist/tex/latex/hyperref/hyperref.sty
Package: hyperref 2012/11/06 v6.83m Hypertext links for LaTeX

(/usr/local/texlive/2012/texmf-dist/tex/generic/oberdiek/hobsub-hyperref.sty
Package: hobsub-hyperref 2012/05/28 v1.13 Bundle oberdiek, subset hyperref (HO)


(/usr/local/texlive/2012/texmf-dist/tex/generic/oberdiek/hobsub-generic.sty
Package: hobsub-generic 2012/05/28 v1.13 Bundle oberdiek, subset generic (HO)
Package: hobsub 2012/05/28 v1.13 Construct package bundles (HO)
Package hobsub Info: Skipping package `infwarerr' (already loaded).
Package hobsub Info: Skipping package `ltxcmds' (already loaded).
Package hobsub Info: Skipping package `ifluatex' (already loaded).
Package hobsub Info: Skipping package `ifvtex' (already loaded).
Package: intcalc 2007/09/27 v1.1 Expandable calculations with integers (HO)
Package hobsub Info: Skipping package `ifpdf' (already loaded).
Package hobsub Info: Skipping package `etexcmds' (already loaded).
Package: kvsetkeys 2012/04/25 v1.16 Key value parser (HO)
Package: kvdefinekeys 2011/04/07 v1.3 Define keys (HO)
Package hobsub Info: Skipping package `pdftexcmds' (already loaded).
Package: pdfescape 2011/11/25 v1.13 Implements pdfTeX's escape features (HO)
Package: bigintcalc 2012/04/08 v1.3 Expandable calculations on big integers (HO
)
Package: bitset 2011/01/30 v1.1 Handle bit-vector datatype (HO)
Package: uniquecounter 2011/01/30 v1.2 Provide unlimited unique counter (HO)
)
Package hobsub Info: Skipping package `hobsub' (already loaded).
Package: letltxmacro 2010/09/02 v1.4 Let assignment for LaTeX macros (HO)
Package: hopatch 2012/05/28 v1.2 Wrapper for package hooks (HO)
Package: xcolor-patch 2011/01/30 xcolor patch
Package: atveryend 2011/06/30 v1.8 Hooks at the very end of document (HO)
Package atveryend Info: \enddocument detected (standard20110627).
Package: atbegshi 2011/10/05 v1.16 At begin shipout hook (HO)
Package: refcount 2011/10/16 v3.4 Data extraction from label references (HO)
Package: hycolor 2011/01/30 v1.7 Color options for hyperref/bookmark (HO)
)
(/usr/local/texlive/2012/texmf-dist/tex/latex/oberdiek/auxhook.sty
Package: auxhook 2011/03/04 v1.3 Hooks for auxiliary files (HO)
)
(/usr/local/texlive/2012/texmf-dist/tex/latex/oberdiek/kvoptions.sty
Package: kvoptions 2011/06/30 v3.11 Key value format for package options (HO)
)
\@linkdim=\dimen125
\Hy@linkcounter=\count114
\Hy@pagecounter=\count115

(/usr/local/texlive/2012/texmf-dist/tex/latex/hyperref/pd1enc.def
File: pd1enc.def 2012/11/06 v6.83m Hyperref: PDFDocEncoding definition (HO)
Now handling font encoding PD1 ...
... no UTF-8 mapping file for font encoding PD1
)
\Hy@SavedSpaceFactor=\count116

(/usr/local/texlive/2012/texmf-dist/tex/latex/latexconfig/hyperref.cfg
File: hyperref.cfg 2002/06/06 v1.2 hyperref configuration of TeXLive
)
Package hyperref Info: Hyper figures OFF on input line 4443.
Package hyperref Info: Link nesting OFF on input line 4448.
Package hyperref Info: Hyper index ON on input line 4451.
Package hyperref Info: Plain pages OFF on input line 4458.
Package hyperref Info: Backreferencing OFF on input line 4463.
Package hyperref Info: Implicit mode ON; LaTeX internals redefined.
Package hyperref Info: Bookmarks ON on input line 4688.
\c@Hy@tempcnt=\count117

(/usr/local/texlive/2012/texmf-dist/tex/latex/url/url.sty
\Urlmuskip=\muskip11
Package: url 2006/04/12  ver 3.3  Verb mode for urls, etc.
)
LaTeX Info: Redefining \url on input line 5041.
\XeTeXLinkMargin=\dimen126
\Fld@menulength=\count118
\Field@Width=\dimen127
\Fld@charsize=\dimen128
Package hyperref Info: Hyper figures OFF on input line 6295.
Package hyperref Info: Link nesting OFF on input line 6300.
Package hyperref Info: Hyper index ON on input line 6303.
Package hyperref Info: backreferencing OFF on input line 6310.
Package hyperref Info: Link coloring OFF on input line 6315.
Package hyperref Info: Link coloring with OCG OFF on input line 6320.
Package hyperref Info: PDF/A mode OFF on input line 6325.
LaTeX Info: Redefining \ref on input line 6365.
LaTeX Info: Redefining \pageref on input line 6369.
\Hy@abspage=\count119
\c@Item=\count120
\c@Hfootnote=\count121
)

Package hyperref Message: Driver (autodetected): hpdftex.

(/usr/local/texlive/2012/texmf-dist/tex/latex/hyperref/hpdftex.def
File: hpdftex.def 2012/11/06 v6.83m Hyperref driver for pdfTeX
\Fld@listcount=\count122
\c@bookmark@seq@number=\count123

(/usr/local/texlive/2012/texmf-dist/tex/latex/oberdiek/rerunfilecheck.sty
Package: rerunfilecheck 2011/04/15 v1.7 Rerun checks for auxiliary files (HO)
Package uniquecounter Info: New unique counter `rerunfilecheck' on input line 2
82.
)
\Hy@SectionHShift=\skip49
)
(./dirtree.sty
Package: dirtree 2006/01/25 v0.2 package wrapper for dirtree

(/usr/local/texlive/2012/texmf-dist/tex/generic/dirtree/dirtree.tex
`dirtree' v0.32, 2012/12/11 (jcc)
\DT@offset=\dimen129
\DT@width=\dimen130
\DT@sep=\dimen131
\DT@all=\dimen132
\DT@rulewidth=\dimen133
\DT@dotwidth=\dimen134
\DTbaselineskip=\dimen135
\DT@counti=\count124
\DT@countii=\count125
\DT@countiii=\count126
\DT@countiv=\count127
\DT@indent=\dimen136
\DT@parskip=\dimen137
\DT@baselineskip=\dimen138
)
File: dirtree.tex 2012/12/11 v0.32 `dirtree' (jcc)
) (./pythoncode.tex) (./pm_guide.aux)
\openout1 = `pm_guide.aux'.

LaTeX Font Info:    Checking defaults for OML/cmm/m/it on input line 25.
LaTeX Font Info:    ... okay on input line 25.
LaTeX Font Info:    Checking defaults for T1/cmr/m/n on input line 25.
LaTeX Font Info:    ... okay on input line 25.
LaTeX Font Info:    Checking defaults for OT1/cmr/m/n on input line 25.
LaTeX Font Info:    ... okay on input line 25.
LaTeX Font Info:    Checking defaults for OMS/cmsy/m/n on input line 25.
LaTeX Font Info:    ... okay on input line 25.
LaTeX Font Info:    Checking defaults for OMX/cmex/m/n on input line 25.
LaTeX Font Info:    ... okay on input line 25.
LaTeX Font Info:    Checking defaults for U/cmr/m/n on input line 25.
LaTeX Font Info:    ... okay on input line 25.
LaTeX Font Info:    Checking defaults for PD1/pdf/m/n on input line 25.
LaTeX Font Info:    ... okay on input line 25.

*geometry* driver: auto-detecting
*geometry* detected driver: pdftex
*geometry* verbose mode - [ preamble ] result:
* driver: pdftex
* paper: a4paper
* layout: <same size as paper>
* layoutoffset:(h,v)=(0.0pt,0.0pt)
* modes: twoside 
* h-part:(L,W,R)=(71.13188pt, 455.24411pt, 71.13188pt)
* v-part:(T,H,B)=(71.13188pt, 702.78308pt, 71.13188pt)
* \paperwidth=597.50787pt
* \paperheight=845.04684pt
* \textwidth=455.24411pt
* \textheight=702.78308pt
* \oddsidemargin=-1.1381pt
* \evensidemargin=-1.1381pt
* \topmargin=-31.2056pt
* \headheight=12.0pt
* \headsep=18.06749pt
* \topskip=10.0pt
* \footskip=25.29494pt
* \marginparwidth=115.0pt
* \marginparsep=7.0pt
* \columnsep=10.0pt
* \skip\footins=9.0pt plus 4.0pt minus 2.0pt
* \hoffset=0.0pt
* \voffset=0.0pt
* \mag=1000
* \@twocolumnfalse
* \@twosidetrue
* \@mparswitchtrue
* \@reversemarginfalse
* (1in=72.27pt=25.4mm, 1cm=28.453pt)

(/usr/local/texlive/2012/texmf-dist/tex/latex/ucs/ucsencs.def
File: ucsencs.def 2011/01/21 Fixes to fontencodings LGR, T3
)

Package ucs Warning: ***************************
(ucs)                You seem to have loaded inputencoding utf8
(ucs)                (LaTeX kernel UTF-8) instead of utf8x (ucs.sty UTF-8).
(ucs)                Probably you are compiling a document written for a
(ucs)                pre-august-2004 ucs.sty.
(ucs)                ***************************
(ucs)                Please use \usepackage[utf8x]{inputenc} instead of
(ucs)                \usepackage[utf8]{inputenc}.
(ucs)                ***************************
(ucs)                If you should really want to use ucs.sty and kernel's
(ucs)                utf8.def together, use \usepackage[utf8x,utf8]{inputenc}
(ucs)                to disable compatibility mode
(ucs)                ***************************
(ucs)                Activating compatibility mode.
(ucs)                ***************************
(ucs)                 on input line 25.

(/usr/local/texlive/2012/texmf-dist/tex/latex/ucs/utf8x.def
File: utf8x.def 2004/10/17 UCS: Input encoding UTF-8
)
(/usr/local/texlive/2012/texmf-dist/tex/context/base/supp-pdf.mkii
[Loading MPS to PDF converter (version 2006.09.02).]
\scratchcounter=\count128
\scratchdimen=\dimen139
\scratchbox=\box32
\nofMPsegments=\count129
\nofMParguments=\count130
\everyMPshowfont=\toks29
\MPscratchCnt=\count131
\MPscratchDim=\dimen140
\MPnumerator=\count132
\makeMPintoPDFobject=\count133
\everyMPtoPDFconversion=\toks30
) (/usr/local/texlive/2012/texmf-dist/tex/latex/oberdiek/epstopdf-base.sty
Package: epstopdf-base 2010/02/09 v2.5 Base part for package epstopdf

(/usr/local/texlive/2012/texmf-dist/tex/latex/oberdiek/grfext.sty
Package: grfext 2010/08/19 v1.1 Manage graphics extensions (HO)
)
Package grfext Info: Graphics extension search list:
(grfext)             [.png,.pdf,.jpg,.mps,.jpeg,.jbig2,.jb2,.PNG,.PDF,.JPG,.JPE
G,.JBIG2,.JB2,.eps]
(grfext)             \AppendGraphicsExtensions on input line 452.

(/usr/local/texlive/2012/texmf-dist/tex/latex/latexconfig/epstopdf-sys.cfg
File: epstopdf-sys.cfg 2010/07/13 v1.3 Configuration of (r)epstopdf for TeX Liv
e
))
runsystem(pygmentize -S default -f latex > pm_guide.pyg)...executed.


(./pm_guide.pyg)
\AtBeginShipoutBox=\box33
Package hyperref Info: Link coloring OFF on input line 25.

(/usr/local/texlive/2012/texmf-dist/tex/latex/hyperref/nameref.sty
Package: nameref 2012/10/27 v2.43 Cross-referencing by name of section

(/usr/local/texlive/2012/texmf-dist/tex/generic/oberdiek/gettitlestring.sty
Package: gettitlestring 2010/12/03 v1.4 Cleanup title references (HO)
)
\c@section@level=\count134
)
LaTeX Info: Redefining \ref on input line 25.
LaTeX Info: Redefining \pageref on input line 25.
LaTeX Info: Redefining \nameref on input line 25.

(./pm_guide.out) (./pm_guide.out)
\@outlinefile=\write5
\openout5 = `pm_guide.out'.

LaTeX Font Info:    Try loading font information for U+msa on input line 27.

(/usr/local/texlive/2012/texmf-dist/tex/latex/amsfonts/umsa.fd
File: umsa.fd 2013/01/14 v3.01 AMS symbols A
)
LaTeX Font Info:    Try loading font information for U+msb on input line 27.

(/usr/local/texlive/2012/texmf-dist/tex/latex/amsfonts/umsb.fd
File: umsb.fd 2013/01/14 v3.01 AMS symbols B
)
(/usr/local/texlive/2012/texmf-dist/tex/latex/ucs/data/uni-0.def
File: uni-0.def 2012/08/28 UCS: Unicode data U+0000..U+00FF
) [1


{/usr/local/texlive/2012/texmf-var/fonts/map/pdftex/updmap/pdftex.map}] [2

]
(./pm_guide.toc [3])
\tf@toc=\write6
\openout6 = `pm_guide.toc'.

 [4]
Chapter 1.

LaTeX Warning: Citation `AalstDGMMRRSVW07' on page 5 undefined on input line 36
.

\openout3 = `pm_guide.pyg'.

runsystem(pygmentize -l py -f latex -F tokenmerge             -P "verboptions= 
" -o pm_guide.out.pyg pm_guide.pyg)...executed.

(./pm_guide.out.pyg
LaTeX Font Info:    Font shape `OT1/cmtt/bx/n' in size <10> not available
(Font)              Font shape `OT1/cmtt/m/n' tried instead on input line 3.
)
runsystem(rm pm_guide.out.pyg)...executed.

runsystem(rm pm_guide.pyg)...executed.


Underfull \hbox (badness 10000) in paragraph at lines 51--65

 []


Underfull \vbox (badness 2158) has occurred while \output is active []

 [5

]
\openout3 = `pm_guide.pyg'.

runsystem(pygmentize -l py -f latex -F tokenmerge             -P "verboptions= 
" -o pm_guide.out.pyg pm_guide.pyg)...executed.


(./pm_guide.out.pyg)
runsystem(rm pm_guide.out.pyg)...executed.

runsystem(rm pm_guide.pyg)...executed.

\openout3 = `pm_guide.pyg'.

runsystem(pygmentize -l py -f latex -F tokenmerge             -P "verboptions= 
" -o pm_guide.out.pyg pm_guide.pyg)...executed.

 (./pm_guide.out.pyg)
runsystem(rm pm_guide.out.pyg)...executed.

runsystem(rm pm_guide.pyg)...executed.

 [6]
LaTeX Font Info:    Try loading font information for OMS+cmr on input line 118.


(/usr/local/texlive/2012/texmf-dist/tex/latex/base/omscmr.fd
File: omscmr.fd 1999/05/25 v2.5h Standard LaTeX font definitions
)
LaTeX Font Info:    Font shape `OMS/cmr/m/n' in size <10> not available
(Font)              Font shape `OMS/cmsy/m/n' tried instead on input line 118.
 [7] [8

]
Chapter 2.
\openout3 = `pm_guide.pyg'.

runsystem(pygmentize -l py -f latex -F tokenmerge             -P "verboptions= 
" -o pm_guide.out.pyg pm_guide.pyg)...executed.

(./pm_guide.out.pyg)
runsystem(rm pm_guide.out.pyg)...executed.

runsystem(rm pm_guide.pyg)...executed.


Underfull \hbox (badness 10000) in paragraph at lines 151--155

 []

\openout3 = `pm_guide.pyg'.

runsystem(pygmentize -l py -f latex -F tokenmerge             -P "verboptions= 
" -o pm_guide.out.pyg pm_guide.pyg)...executed.

(./pm_guide.out.pyg)
runsystem(rm pm_guide.out.pyg)...executed.

runsystem(rm pm_guide.pyg)...executed.


Underfull \hbox (badness 10000) in paragraph at lines 163--171

 []

\openout3 = `pm_guide.pyg'.

runsystem(pygmentize -l py -f latex -F tokenmerge             -P "verboptions= 
" -o pm_guide.out.pyg pm_guide.pyg)...executed.

(./pm_guide.out.pyg)
runsystem(rm pm_guide.out.pyg)...executed.

runsystem(rm pm_guide.pyg)...executed.


Underfull \hbox (badness 10000) in paragraph at lines 173--181

 []

\openout3 = `pm_guide.pyg'.

runsystem(pygmentize -l py -f latex -F tokenmerge             -P "verboptions= 
" -o pm_guide.out.pyg pm_guide.pyg)...executed.

(./pm_guide.out.pyg)
runsystem(rm pm_guide.out.pyg)...executed.

runsystem(rm pm_guide.pyg)...executed.


Underfull \hbox (badness 10000) in paragraph at lines 184--196

 []

[9]
\openout3 = `pm_guide.pyg'.

runsystem(pygmentize -l py -f latex -F tokenmerge             -P "verboptions= 
" -o pm_guide.out.pyg pm_guide.pyg)...executed.

 (./pm_guide.out.pyg)
runsystem(rm pm_guide.out.pyg)...executed.

runsystem(rm pm_guide.pyg)...executed.


Underfull \hbox (badness 10000) in paragraph at lines 202--228

 []

\openout3 = `pm_guide.pyg'.

runsystem(pygmentize -l py -f latex -F tokenmerge             -P "verboptions= 
" -o pm_guide.out.pyg pm_guide.pyg)...executed.

(./pm_guide.out.pyg)
runsystem(rm pm_guide.out.pyg)...executed.

runsystem(rm pm_guide.pyg)...executed.

\openout3 = `pm_guide.pyg'.

runsystem(pygmentize -l py -f latex -F tokenmerge             -P "verboptions= 
" -o pm_guide.out.pyg pm_guide.pyg)...executed.

 (./pm_guide.out.pyg)
runsystem(rm pm_guide.out.pyg)...executed.

runsystem(rm pm_guide.pyg)...executed.


Underfull \hbox (badness 10000) in paragraph at lines 248--256

 []

[10]
\openout3 = `pm_guide.pyg'.

runsystem(pygmentize -l py -f latex -F tokenmerge             -P "verboptions= 
" -o pm_guide.out.pyg pm_guide.pyg)...executed.

 (./pm_guide.out.pyg)
runsystem(rm pm_guide.out.pyg)...executed.

runsystem(rm pm_guide.pyg)...executed.


Underfull \hbox (badness 10000) in paragraph at lines 268--272

 []

\openout4 = `pm_guide.pyg'.

runsystem(pygmentize -l python -f latex -F tokenmerge             -P "verboptio
ns= " -o pm_guide.out.pyg pm_guide.pyg)...executed.

(./pm_guide.out.pyg)
runsystem(rm pm_guide.out.pyg)...executed.

runsystem(rm pm_guide.pyg)...executed.

\openout3 = `pm_guide.pyg'.

runsystem(pygmentize -l py -f latex -F tokenmerge             -P "verboptions= 
" -o pm_guide.out.pyg pm_guide.pyg)...executed.

 (./pm_guide.out.pyg)
runsystem(rm pm_guide.out.pyg)...executed.

runsystem(rm pm_guide.pyg)...executed.


Underfull \hbox (badness 10000) in paragraph at lines 278--286

 []

\openout3 = `pm_guide.pyg'.

runsystem(pygmentize -l py -f latex -F tokenmerge             -P "verboptions= 
" -o pm_guide.out.pyg pm_guide.pyg)...executed.

(./pm_guide.out.pyg)
runsystem(rm pm_guide.out.pyg)...executed.

runsystem(rm pm_guide.pyg)...executed.


Underfull \hbox (badness 10000) in paragraph at lines 296--300

 []

\openout3 = `pm_guide.pyg'.

runsystem(pygmentize -l py -f latex -F tokenmerge             -P "verboptions= 
" -o pm_guide.out.pyg pm_guide.pyg)...executed.

(./pm_guide.out.pyg)
runsystem(rm pm_guide.out.pyg)...executed.

runsystem(rm pm_guide.pyg)...executed.


Underfull \hbox (badness 10000) in paragraph at lines 304--308

 []

\openout3 = `pm_guide.pyg'.

runsystem(pygmentize -l py -f latex -F tokenmerge             -P "verboptions= 
" -o pm_guide.out.pyg pm_guide.pyg)...executed.

(./pm_guide.out.pyg)
runsystem(rm pm_guide.out.pyg)...executed.

runsystem(rm pm_guide.pyg)...executed.


Underfull \hbox (badness 10000) in paragraph at lines 318--327

 []

[11]
\openout3 = `pm_guide.pyg'.

runsystem(pygmentize -l py -f latex -F tokenmerge             -P "verboptions= 
" -o pm_guide.out.pyg pm_guide.pyg)...executed.

 (./pm_guide.out.pyg)
runsystem(rm pm_guide.out.pyg)...executed.

runsystem(rm pm_guide.pyg)...executed.


Underfull \hbox (badness 10000) in paragraph at lines 329--333

 []

\openout3 = `pm_guide.pyg'.

runsystem(pygmentize -l py -f latex -F tokenmerge             -P "verboptions= 
" -o pm_guide.out.pyg pm_guide.pyg)...executed.

(./pm_guide.out.pyg)
runsystem(rm pm_guide.out.pyg)...executed.

runsystem(rm pm_guide.pyg)...executed.


Underfull \hbox (badness 10000) in paragraph at lines 336--351

 []

\openout3 = `pm_guide.pyg'.

runsystem(pygmentize -l py -f latex -F tokenmerge             -P "verboptions= 
" -o pm_guide.out.pyg pm_guide.pyg)...executed.

(./pm_guide.out.pyg)
runsystem(rm pm_guide.out.pyg)...executed.

runsystem(rm pm_guide.pyg)...executed.


Underfull \hbox (badness 10000) in paragraph at lines 355--359

 []

\openout3 = `pm_guide.pyg'.

runsystem(pygmentize -l py -f latex -F tokenmerge             -P "verboptions= 
" -o pm_guide.out.pyg pm_guide.pyg)...executed.

(./pm_guide.out.pyg)
runsystem(rm pm_guide.out.pyg)...executed.

runsystem(rm pm_guide.pyg)...executed.


Underfull \hbox (badness 10000) in paragraph at lines 360--367

 []

\openout3 = `pm_guide.pyg'.

runsystem(pygmentize -l py -f latex -F tokenmerge             -P "verboptions= 
" -o pm_guide.out.pyg pm_guide.pyg)...executed.

(./pm_guide.out.pyg)
runsystem(rm pm_guide.out.pyg)...executed.

runsystem(rm pm_guide.pyg)...executed.


Underfull \hbox (badness 10000) in paragraph at lines 370--383

 []

[12]
\openout3 = `pm_guide.pyg'.

runsystem(pygmentize -l py -f latex -F tokenmerge             -P "verboptions= 
" -o pm_guide.out.pyg pm_guide.pyg)...executed.

 (./pm_guide.out.pyg)
runsystem(rm pm_guide.out.pyg)...executed.

runsystem(rm pm_guide.pyg)...executed.


Underfull \hbox (badness 10000) in paragraph at lines 387--391

 []

\openout3 = `pm_guide.pyg'.

runsystem(pygmentize -l py -f latex -F tokenmerge             -P "verboptions= 
" -o pm_guide.out.pyg pm_guide.pyg)...executed.

(./pm_guide.out.pyg)
runsystem(rm pm_guide.out.pyg)...executed.

runsystem(rm pm_guide.pyg)...executed.


Underfull \hbox (badness 10000) in paragraph at lines 403--416

 []

\openout3 = `pm_guide.pyg'.

runsystem(pygmentize -l py -f latex -F tokenmerge             -P "verboptions= 
" -o pm_guide.out.pyg pm_guide.pyg)...executed.

(./pm_guide.out.pyg)
runsystem(rm pm_guide.out.pyg)...executed.

runsystem(rm pm_guide.pyg)...executed.


Underfull \hbox (badness 10000) in paragraph at lines 420--424

 []

[13]
\openout3 = `pm_guide.pyg'.

runsystem(pygmentize -l py -f latex -F tokenmerge             -P "verboptions= 
" -o pm_guide.out.pyg pm_guide.pyg)...executed.

 (./pm_guide.out.pyg)
runsystem(rm pm_guide.out.pyg)...executed.

runsystem(rm pm_guide.pyg)...executed.

\openout3 = `pm_guide.pyg'.

runsystem(pygmentize -l py -f latex -F tokenmerge             -P "verboptions= 
" -o pm_guide.out.pyg pm_guide.pyg)...executed.

 (./pm_guide.out.pyg)
runsystem(rm pm_guide.out.pyg)...executed.

runsystem(rm pm_guide.pyg)...executed.


Underfull \hbox (badness 10000) in paragraph at lines 455--459

 []

\openout3 = `pm_guide.pyg'.

runsystem(pygmentize -l py -f latex -F tokenmerge             -P "verboptions= 
" -o pm_guide.out.pyg pm_guide.pyg)...executed.

(./pm_guide.out.pyg)
runsystem(rm pm_guide.out.pyg)...executed.

runsystem(rm pm_guide.pyg)...executed.


Underfull \hbox (badness 10000) in paragraph at lines 462--480

 []

[14]
Chapter 3.
\openout3 = `pm_guide.pyg'.

runsystem(pygmentize -l py -f latex -F tokenmerge             -P "verboptions= 
" -o pm_guide.out.pyg pm_guide.pyg)...executed.

(./pm_guide.out.pyg)
runsystem(rm pm_guide.out.pyg)...executed.

runsystem(rm pm_guide.pyg)...executed.


Underfull \hbox (badness 10000) in paragraph at lines 482--486

 []


LaTeX Warning: Citation `SoleC10' on page 15 undefined on input line 489.


LaTeX Warning: Citation `SoleCfoldings' on page 15 undefined on input line 489.



Underfull \hbox (badness 10000) in paragraph at lines 488--490

 []

\openout3 = `pm_guide.pyg'.

runsystem(pygmentize -l py -f latex -F tokenmerge             -P "verboptions= 
" -o pm_guide.out.pyg pm_guide.pyg)...executed.

(./pm_guide.out.pyg)
runsystem(rm pm_guide.out.pyg)...executed.

runsystem(rm pm_guide.pyg)...executed.


Underfull \hbox (badness 10000) in paragraph at lines 493--494

 []


Underfull \hbox (badness 10000) in paragraph at lines 500--501

 []

\openout3 = `pm_guide.pyg'.

runsystem(pygmentize -l py -f latex -F tokenmerge             -P "verboptions= 
" -o pm_guide.out.pyg pm_guide.pyg)...executed.

(./pm_guide.out.pyg)
runsystem(rm pm_guide.out.pyg)...executed.

runsystem(rm pm_guide.pyg)...executed.


Underfull \hbox (badness 10000) in paragraph at lines 504--505

 []


Underfull \hbox (badness 10000) in paragraph at lines 506--507

 []

\openout3 = `pm_guide.pyg'.

runsystem(pygmentize -l py -f latex -F tokenmerge             -P "verboptions= 
" -o pm_guide.out.pyg pm_guide.pyg)...executed.

(./pm_guide.out.pyg)
runsystem(rm pm_guide.out.pyg)...executed.

runsystem(rm pm_guide.pyg)...executed.


Underfull \hbox (badness 10000) in paragraph at lines 510--511

 []

\openout3 = `pm_guide.pyg'.

runsystem(pygmentize -l py -f latex -F tokenmerge             -P "verboptions= 
" -o pm_guide.out.pyg pm_guide.pyg)...executed.

(./pm_guide.out.pyg)
runsystem(rm pm_guide.out.pyg)...executed.

runsystem(rm pm_guide.pyg)...executed.


Underfull \hbox (badness 10000) in paragraph at lines 513--520

 []

<ts.pdf, id=329, 239.89626pt x 327.2225pt>
File: ts.pdf Graphic file (type pdf)
 <use ts.pdf>
Package pdftex.def Info: ts.pdf used on input line 524.
(pdftex.def)             Requested size: 104.29546pt x 142.26378pt.
 [15

]
Underfull \hbox (badness 10000) in paragraph at lines 532--533

 []

\openout3 = `pm_guide.pyg'.

runsystem(pygmentize -l py -f latex -F tokenmerge             -P "verboptions= 
" -o pm_guide.out.pyg pm_guide.pyg)...executed.

(./pm_guide.out.pyg)
runsystem(rm pm_guide.out.pyg)...executed.

runsystem(rm pm_guide.pyg)...executed.


Underfull \hbox (badness 10000) in paragraph at lines 536--537

 []


Underfull \hbox (badness 10000) in paragraph at lines 543--544

 []

\openout3 = `pm_guide.pyg'.

runsystem(pygmentize -l py -f latex -F tokenmerge             -P "verboptions= 
" -o pm_guide.out.pyg pm_guide.pyg)...executed.

(./pm_guide.out.pyg)
runsystem(rm pm_guide.out.pyg)...executed.

runsystem(rm pm_guide.pyg)...executed.


Underfull \hbox (badness 10000) in paragraph at lines 549--550

 []

\openout3 = `pm_guide.pyg'.

runsystem(pygmentize -l py -f latex -F tokenmerge             -P "verboptions= 
" -o pm_guide.out.pyg pm_guide.pyg)...executed.

(./pm_guide.out.pyg)
runsystem(rm pm_guide.out.pyg)...executed.

runsystem(rm pm_guide.pyg)...executed.


Underfull \hbox (badness 10000) in paragraph at lines 555--562

 []

<ts_freq.pdf, id=338, 167.62625pt x 433.62pt>
File: ts_freq.pdf Graphic file (type pdf)
 <use ts_freq.pdf>
Package pdftex.def Info: ts_freq.pdf used on input line 566.
(pdftex.def)             Requested size: 87.9923pt x 227.62204pt.
\openout3 = `pm_guide.pyg'.

runsystem(pygmentize -l py -f latex -F tokenmerge             -P "verboptions= 
" -o pm_guide.out.pyg pm_guide.pyg)...executed.


(./pm_guide.out.pyg)
runsystem(rm pm_guide.out.pyg)...executed.

runsystem(rm pm_guide.pyg)...executed.


Underfull \hbox (badness 10000) in paragraph at lines 563--579

 []

[16 <./ts.pdf>]
\openout3 = `pm_guide.pyg'.

runsystem(pygmentize -l py -f latex -F tokenmerge             -P "verboptions= 
" -o pm_guide.out.pyg pm_guide.pyg)...executed.

 (./pm_guide.out.pyg)
runsystem(rm pm_guide.out.pyg)...executed.

runsystem(rm pm_guide.pyg)...executed.


Underfull \hbox (badness 10000) in paragraph at lines 581--585

 []


Underfull \hbox (badness 10000) in paragraph at lines 586--587

 []

\openout3 = `pm_guide.pyg'.

runsystem(pygmentize -l py -f latex -F tokenmerge             -P "verboptions= 
" -o pm_guide.out.pyg pm_guide.pyg)...executed.

(./pm_guide.out.pyg)
runsystem(rm pm_guide.out.pyg)...executed.

runsystem(rm pm_guide.pyg)...executed.


Underfull \hbox (badness 10000) in paragraph at lines 594--595

 []

\openout3 = `pm_guide.pyg'.

runsystem(pygmentize -l py -f latex -F tokenmerge             -P "verboptions= 
" -o pm_guide.out.pyg pm_guide.pyg)...executed.

(./pm_guide.out.pyg)
runsystem(rm pm_guide.out.pyg)...executed.

runsystem(rm pm_guide.pyg)...executed.

\openout3 = `pm_guide.pyg'.

runsystem(pygmentize -l py -f latex -F tokenmerge             -P "verboptions= 
" -o pm_guide.out.pyg pm_guide.pyg)...executed.

 (./pm_guide.out.pyg)
runsystem(rm pm_guide.out.pyg)...executed.

runsystem(rm pm_guide.pyg)...executed.


Underfull \hbox (badness 10000) in paragraph at lines 598--610

 []

[17 <./ts_freq.pdf>] [18]
Chapter 4.
\openout3 = `pm_guide.pyg'.

runsystem(pygmentize -l py -f latex -F tokenmerge             -P "verboptions= 
" -o pm_guide.out.pyg pm_guide.pyg)...executed.

(./pm_guide.out.pyg)
runsystem(rm pm_guide.out.pyg)...executed.

runsystem(rm pm_guide.pyg)...executed.


Underfull \hbox (badness 10000) in paragraph at lines 612--616

 []


Underfull \hbox (badness 10000) in paragraph at lines 618--619

 []

\openout3 = `pm_guide.pyg'.

runsystem(pygmentize -l py -f latex -F tokenmerge             -P "verboptions= 
" -o pm_guide.out.pyg pm_guide.pyg)...executed.

(./pm_guide.out.pyg)
runsystem(rm pm_guide.out.pyg)...executed.

runsystem(rm pm_guide.pyg)...executed.


Underfull \hbox (badness 10000) in paragraph at lines 622--623

 []


Underfull \hbox (badness 10000) in paragraph at lines 632--633

 []

\openout3 = `pm_guide.pyg'.

runsystem(pygmentize -l py -f latex -F tokenmerge             -P "verboptions= 
" -o pm_guide.out.pyg pm_guide.pyg)...executed.

(./pm_guide.out.pyg)
runsystem(rm pm_guide.out.pyg)...executed.

runsystem(rm pm_guide.pyg)...executed.


Underfull \hbox (badness 10000) in paragraph at lines 637--638

 []

\openout3 = `pm_guide.pyg'.

runsystem(pygmentize -l py -f latex -F tokenmerge             -P "verboptions= 
" -o pm_guide.out.pyg pm_guide.pyg)...executed.

(./pm_guide.out.pyg)
runsystem(rm pm_guide.out.pyg)...executed.

runsystem(rm pm_guide.pyg)...executed.


Underfull \hbox (badness 10000) in paragraph at lines 645--649

 []

[19

]
Underfull \hbox (badness 10000) in paragraph at lines 650--651

 []

\openout3 = `pm_guide.pyg'.

runsystem(pygmentize -l py -f latex -F tokenmerge             -P "verboptions= 
" -o pm_guide.out.pyg pm_guide.pyg)...executed.

(./pm_guide.out.pyg)
runsystem(rm pm_guide.out.pyg)...executed.

runsystem(rm pm_guide.pyg)...executed.


Underfull \hbox (badness 10000) in paragraph at lines 665--666

 []

[20]
Chapter 5.
\openout3 = `pm_guide.pyg'.

runsystem(pygmentize -l py -f latex -F tokenmerge             -P "verboptions= 
" -o pm_guide.out.pyg pm_guide.pyg)...executed.

(./pm_guide.out.pyg)
runsystem(rm pm_guide.out.pyg)...executed.

runsystem(rm pm_guide.pyg)...executed.


Underfull \hbox (badness 10000) in paragraph at lines 670--674

 []


Underfull \hbox (badness 10000) in paragraph at lines 676--677

 []

\openout3 = `pm_guide.pyg'.

runsystem(pygmentize -l py -f latex -F tokenmerge             -P "verboptions= 
" -o pm_guide.out.pyg pm_guide.pyg)...executed.

(./pm_guide.out.pyg)
runsystem(rm pm_guide.out.pyg)...executed.

runsystem(rm pm_guide.pyg)...executed.


Underfull \hbox (badness 10000) in paragraph at lines 680--681

 []


Underfull \hbox (badness 10000) in paragraph at lines 682--683

 []

\openout3 = `pm_guide.pyg'.

runsystem(pygmentize -l py -f latex -F tokenmerge             -P "verboptions= 
" -o pm_guide.out.pyg pm_guide.pyg)...executed.

(./pm_guide.out.pyg)
runsystem(rm pm_guide.out.pyg)...executed.

runsystem(rm pm_guide.pyg)...executed.


Underfull \hbox (badness 10000) in paragraph at lines 686--687

 []


Underfull \hbox (badness 10000) in paragraph at lines 690--691

 []

\openout3 = `pm_guide.pyg'.

runsystem(pygmentize -l py -f latex -F tokenmerge             -P "verboptions= 
" -o pm_guide.out.pyg pm_guide.pyg)...executed.

(./pm_guide.out.pyg)
runsystem(rm pm_guide.out.pyg)...executed.

runsystem(rm pm_guide.pyg)...executed.


Underfull \hbox (badness 10000) in paragraph at lines 695--696

 []


Underfull \hbox (badness 10000) in paragraph at lines 698--699

 []

\openout3 = `pm_guide.pyg'.

runsystem(pygmentize -l py -f latex -F tokenmerge             -P "verboptions= 
" -o pm_guide.out.pyg pm_guide.pyg)...executed.

(./pm_guide.out.pyg)
runsystem(rm pm_guide.out.pyg)...executed.

runsystem(rm pm_guide.pyg)...executed.


Underfull \hbox (badness 10000) in paragraph at lines 704--705

 []


Underfull \hbox (badness 10000) in paragraph at lines 706--707

 []

\openout3 = `pm_guide.pyg'.

runsystem(pygmentize -l py -f latex -F tokenmerge             -P "verboptions= 
" -o pm_guide.out.pyg pm_guide.pyg)...executed.

(./pm_guide.out.pyg)
runsystem(rm pm_guide.out.pyg)...executed.

runsystem(rm pm_guide.pyg)...executed.


Underfull \hbox (badness 10000) in paragraph at lines 710--711

 []

[21

]
Underfull \hbox (badness 10000) in paragraph at lines 713--714

 []

\openout3 = `pm_guide.pyg'.

runsystem(pygmentize -l py -f latex -F tokenmerge             -P "verboptions= 
" -o pm_guide.out.pyg pm_guide.pyg)...executed.

(./pm_guide.out.pyg)
runsystem(rm pm_guide.out.pyg)...executed.

runsystem(rm pm_guide.pyg)...executed.


Underfull \hbox (badness 10000) in paragraph at lines 717--718

 []


Underfull \hbox (badness 10000) in paragraph at lines 720--721

 []

\openout3 = `pm_guide.pyg'.

runsystem(pygmentize -l py -f latex -F tokenmerge             -P "verboptions= 
" -o pm_guide.out.pyg pm_guide.pyg)...executed.

(./pm_guide.out.pyg)
runsystem(rm pm_guide.out.pyg)...executed.

runsystem(rm pm_guide.pyg)...executed.


Underfull \hbox (badness 10000) in paragraph at lines 724--725

 []

\openout3 = `pm_guide.pyg'.

runsystem(pygmentize -l py -f latex -F tokenmerge             -P "verboptions= 
" -o pm_guide.out.pyg pm_guide.pyg)...executed.

(./pm_guide.out.pyg)
runsystem(rm pm_guide.out.pyg)...executed.

runsystem(rm pm_guide.pyg)...executed.


Underfull \hbox (badness 10000) in paragraph at lines 728--732

 []


Underfull \hbox (badness 10000) in paragraph at lines 742--743

 []

\openout3 = `pm_guide.pyg'.

runsystem(pygmentize -l py -f latex -F tokenmerge             -P "verboptions= 
" -o pm_guide.out.pyg pm_guide.pyg)...executed.

(./pm_guide.out.pyg)
runsystem(rm pm_guide.out.pyg)...executed.

runsystem(rm pm_guide.pyg)...executed.


Underfull \hbox (badness 10000) in paragraph at lines 754--755

 []

[22]
Chapter 6.
\openout3 = `pm_guide.pyg'.

runsystem(pygmentize -l py -f latex -F tokenmerge             -P "verboptions= 
" -o pm_guide.out.pyg pm_guide.pyg)...executed.

(./pm_guide.out.pyg)
runsystem(rm pm_guide.out.pyg)...executed.

runsystem(rm pm_guide.pyg)...executed.


Underfull \hbox (badness 10000) in paragraph at lines 761--765

 []


Underfull \hbox (badness 10000) in paragraph at lines 767--768

 []

\openout3 = `pm_guide.pyg'.

runsystem(pygmentize -l py -f latex -F tokenmerge             -P "verboptions= 
" -o pm_guide.out.pyg pm_guide.pyg)...executed.

(./pm_guide.out.pyg)
runsystem(rm pm_guide.out.pyg)...executed.

runsystem(rm pm_guide.pyg)...executed.


Underfull \hbox (badness 10000) in paragraph at lines 787--788

 []

\openout3 = `pm_guide.pyg'.

runsystem(pygmentize -l py -f latex -F tokenmerge             -P "verboptions= 
" -o pm_guide.out.pyg pm_guide.pyg)...executed.

(./pm_guide.out.pyg)
runsystem(rm pm_guide.out.pyg)...executed.

runsystem(rm pm_guide.pyg)...executed.


Underfull \hbox (badness 10000) in paragraph at lines 802--803

 []


Underfull \vbox (badness 10000) has occurred while \output is active []

 [23

]
\openout3 = `pm_guide.pyg'.

runsystem(pygmentize -l py -f latex -F tokenmerge             -P "verboptions= 
" -o pm_guide.out.pyg pm_guide.pyg)...executed.


(./pm_guide.out.pyg)
runsystem(rm pm_guide.out.pyg)...executed.

runsystem(rm pm_guide.pyg)...executed.


Underfull \hbox (badness 10000) in paragraph at lines 823--824

 []

<bpmn-crop.pdf, id=393, 196.735pt x 499.8675pt>
File: bpmn-crop.pdf Graphic file (type pdf)
 <use bpmn-crop.pdf>
Package pdftex.def Info: bpmn-crop.pdf used on input line 828.
(pdftex.def)             Requested size: 78.3864pt x 199.16928pt.
 [24 <./bpmn-crop.pdf>]
Chapter 7.
\openout3 = `pm_guide.pyg'.

runsystem(pygmentize -l py -f latex -F tokenmerge             -P "verboptions= 
" -o pm_guide.out.pyg pm_guide.pyg)...executed.

(./pm_guide.out.pyg)
runsystem(rm pm_guide.out.pyg)...executed.

runsystem(rm pm_guide.pyg)...executed.


Underfull \hbox (badness 10000) in paragraph at lines 846--850

 []

\openout3 = `pm_guide.pyg'.

runsystem(pygmentize -l py -f latex -F tokenmerge             -P "verboptions= 
" -o pm_guide.out.pyg pm_guide.pyg)...executed.

(./pm_guide.out.pyg)
runsystem(rm pm_guide.out.pyg)...executed.

runsystem(rm pm_guide.pyg)...executed.


Underfull \hbox (badness 10000) in paragraph at lines 851--855

 []

No file pm_guide.bbl.
Package atveryend Info: Empty hook `BeforeClearDocument' on input line 869.
[25

]
Package atveryend Info: Empty hook `AfterLastShipout' on input line 869.
 (./pm_guide.aux)
Package atveryend Info: Executing hook `AtVeryEndDocument' on input line 869.
Package atveryend Info: Executing hook `AtEndAfterFileList' on input line 869.


Package rerunfilecheck Warning: File `pm_guide.out' has changed.
(rerunfilecheck)                Rerun to get outlines right
(rerunfilecheck)                or use package `bookmark'.

Package rerunfilecheck Info: Checksums for `pm_guide.out':
(rerunfilecheck)             Before: 7CF1601EBA8FA1D7480FA845218D0BF6;2834
(rerunfilecheck)             After:  CB8C91E933C4CF42B48807798700FA85;3013.

LaTeX Warning: There were undefined references.


LaTeX Warning: Label(s) may have changed. Rerun to get cross-references right.

Package atveryend Info: Empty hook `AtVeryVeryEnd' on input line 869.
 ) 
Here is how much of TeX's memory you used:
 9477 strings out of 493481
 132305 string characters out of 3140986
 234689 words of memory out of 3000000
 12401 multiletter control sequences out of 15000+200000
 13918 words of font info for 54 fonts, out of 3000000 for 9000
 957 hyphenation exceptions out of 8191
 37i,10n,37p,681b,668s stack positions out of 5000i,500n,10000p,200000b,50000s
</usr/local/texlive/2012/texmf-dist/fonts/type1/public/amsfonts/cm/cmbx10.pfb
></usr/local/texlive/2012/texmf-dist/fonts/type1/public/amsfonts/cm/cmbx12.pfb>
</usr/local/texlive/2012/texmf-dist/fonts/type1/public/amsfonts/cm/cmitt10.pfb>
</usr/local/texlive/2012/texmf-dist/fonts/type1/public/amsfonts/cm/cmmi10.pfb><
/usr/local/texlive/2012/texmf-dist/fonts/type1/public/amsfonts/cm/cmr10.pfb></u
sr/local/texlive/2012/texmf-dist/fonts/type1/public/amsfonts/cm/cmr12.pfb></usr
/local/texlive/2012/texmf-dist/fonts/type1/public/amsfonts/cm/cmr17.pfb></usr/l
ocal/texlive/2012/texmf-dist/fonts/type1/public/amsfonts/cm/cmr6.pfb></usr/loca
l/texlive/2012/texmf-dist/fonts/type1/public/amsfonts/cm/cmr7.pfb></usr/local/t
exlive/2012/texmf-dist/fonts/type1/public/amsfonts/cm/cmr8.pfb></usr/local/texl
ive/2012/texmf-dist/fonts/type1/public/amsfonts/cm/cmsl10.pfb></usr/local/texli
ve/2012/texmf-dist/fonts/type1/public/amsfonts/cm/cmsy10.pfb></usr/local/texliv
e/2012/texmf-dist/fonts/type1/public/amsfonts/cm/cmti10.pfb></usr/local/texlive
/2012/texmf-dist/fonts/type1/public/amsfonts/cm/cmtt10.pfb></usr/local/texlive/
2012/texmf-dist/fonts/type1/public/amsfonts/cm/cmtt8.pfb>
Output written on pm_guide.pdf (25 pages, 255246 bytes).
PDF statistics:
 479 PDF objects out of 1000 (max. 8388607)
 424 compressed objects within 5 object streams
 82 named destinations out of 1000 (max. 500000)
 392 words of extra memory for PDF output out of 10000 (max. 10000000)

