\BOOKMARK [0][-]{chapter.1}{Introduction}{}% 1
\BOOKMARK [1][-]{section.1.1}{Motivation}{chapter.1}% 2
\BOOKMARK [1][-]{section.1.2}{Log extraction}{chapter.1}% 3
\BOOKMARK [1][-]{section.1.3}{Organization of the Package}{chapter.1}% 4
\BOOKMARK [1][-]{section.1.4}{Downloading}{chapter.1}% 5
\BOOKMARK [1][-]{section.1.5}{License}{chapter.1}% 6
\BOOKMARK [1][-]{section.1.6}{Installation}{chapter.1}% 7
\BOOKMARK [1][-]{section.1.7}{IPython basics}{chapter.1}% 8
\BOOKMARK [0][-]{chapter.2}{Logs}{}% 9
\BOOKMARK [1][-]{section.2.1}{Plain logs and Enhanced logs}{chapter.2}% 10
\BOOKMARK [1][-]{section.2.2}{Manual modification of logs}{chapter.2}% 11
\BOOKMARK [1][-]{section.2.3}{Loading/Saving}{chapter.2}% 12
\BOOKMARK [1][-]{section.2.4}{Encoders}{chapter.2}% 13
\BOOKMARK [2][-]{subsection.2.4.1}{Default encoders}{section.2.4}% 14
\BOOKMARK [2][-]{subsection.2.4.2}{Loading and saving encoders}{section.2.4}% 15
\BOOKMARK [2][-]{subsection.2.4.3}{Encoding a log}{section.2.4}% 16
\BOOKMARK [1][-]{section.2.5}{Projections}{chapter.2}% 17
\BOOKMARK [1][-]{section.2.6}{Filters}{chapter.2}% 18
\BOOKMARK [2][-]{subsection.2.6.1}{Default filters}{section.2.6}% 19
\BOOKMARK [2][-]{subsection.2.6.2}{Filtering}{section.2.6}% 20
\BOOKMARK [1][-]{section.2.7}{Clustering}{chapter.2}% 21
\BOOKMARK [1][-]{section.2.8}{Noise}{chapter.2}% 22
\BOOKMARK [0][-]{chapter.3}{Transition Systems}{}% 23
\BOOKMARK [1][-]{section.3.1}{Obtainig a TS from a log}{chapter.3}% 24
\BOOKMARK [1][-]{section.3.2}{Loading/Saving}{chapter.3}% 25
\BOOKMARK [1][-]{section.3.3}{Manual modification of TSs}{chapter.3}% 26
\BOOKMARK [1][-]{section.3.4}{Visualization}{chapter.3}% 27
\BOOKMARK [1][-]{section.3.5}{Operations related to logs}{chapter.3}% 28
\BOOKMARK [1][-]{section.3.6}{Taking advantage of the algorithms in graph\137tool}{chapter.3}% 29
\BOOKMARK [0][-]{chapter.4}{Petri Nets}{}% 30
\BOOKMARK [1][-]{section.4.1}{Obtaining a PN from a TS}{chapter.4}% 31
\BOOKMARK [2][-]{subsection.4.1.1}{It takes eons to finish, what can I do?}{section.4.1}% 32
\BOOKMARK [1][-]{section.4.2}{Loading/Saving}{chapter.4}% 33
\BOOKMARK [1][-]{section.4.3}{Visualization}{chapter.4}% 34
\BOOKMARK [1][-]{section.4.4}{Simulation}{chapter.4}% 35
\BOOKMARK [0][-]{chapter.5}{Causal Nets}{}% 36
\BOOKMARK [1][-]{section.5.1}{Obtaining a Cnet from a log}{chapter.5}% 37
\BOOKMARK [1][-]{section.5.2}{Loading/Saving}{chapter.5}% 38
\BOOKMARK [1][-]{section.5.3}{Visualization}{chapter.5}% 39
\BOOKMARK [1][-]{section.5.4}{C-net manipulation}{chapter.5}% 40
\BOOKMARK [1][-]{section.5.5}{Simulation}{chapter.5}% 41
\BOOKMARK [1][-]{section.5.6}{Operations related to Transition Systems}{chapter.5}% 42
\BOOKMARK [0][-]{chapter.6}{BPMN diagrams}{}% 43
\BOOKMARK [1][-]{section.6.1}{Obtaining a BPMN diagram from a Cnet}{chapter.6}% 44
\BOOKMARK [1][-]{section.6.2}{Manually creating a BPMN diagram}{chapter.6}% 45
\BOOKMARK [1][-]{section.6.3}{Loading/Saving}{chapter.6}% 46
\BOOKMARK [0][-]{chapter.7}{Adding packages/modules to the suite}{}% 47
